<?xml version="1.0" encoding="UTF-8"?>
<testng-results ignored="0" total="1" passed="1" failed="0" skipped="0">
  <reporter-output>
  </reporter-output>
  <suite started-at="2025-02-03T11:16:35 IST" name="Failed suite [Failed suite [Failed suite [Suite]]]" finished-at="2025-02-03T11:18:39 IST" duration-ms="123556">
    <groups>
    </groups>
    <test started-at="2025-02-03T11:16:35 IST" name="Test(failed)(failed)(failed)" finished-at="2025-02-03T11:18:39 IST" duration-ms="123556">
      <class name="com.testscript.TestCase3">
        <test-method is-config="true" signature="openApp()[pri:0, instance:com.testscript.TestCase3@333291e3]" started-at="2025-02-03T11:16:35 IST" name="openApp" finished-at="2025-02-03T11:17:26 IST" duration-ms="50970" status="PASS">
          <reporter-output>
          </reporter-output>
        </test-method> <!-- openApp -->
        <test-method signature="TestCase()[pri:0, instance:com.testscript.TestCase3@333291e3]" started-at="2025-02-03T11:17:26 IST" name="TestCase" finished-at="2025-02-03T11:18:37 IST" duration-ms="70308" status="PASS">
          <reporter-output>
          </reporter-output>
        </test-method> <!-- TestCase -->
        <test-method is-config="true" signature="closeApp()[pri:0, instance:com.testscript.TestCase3@333291e3]" started-at="2025-02-03T11:18:37 IST" name="closeApp" finished-at="2025-02-03T11:18:39 IST" duration-ms="2236" status="PASS">
          <reporter-output>
          </reporter-output>
        </test-method> <!-- closeApp -->
      </class> <!-- com.testscript.TestCase3 -->
    </test> <!-- Test(failed)(failed)(failed) -->
  </suite> <!-- Failed suite [Failed suite [Failed suite [Suite]]] -->
</testng-results>
