<?xml version="1.0" encoding="UTF-8"?>
<testng-results ignored="0" total="1" passed="1" failed="0" skipped="0">
  <reporter-output>
    <line>
      <![CDATA[300 TC Cotton King Size Luxury 7 Pc Bedding Set (Heritage)]]>
    </line>
  </reporter-output>
  <suite started-at="2025-02-03T12:32:57 IST" name="Default suite" finished-at="2025-02-03T12:35:14 IST" duration-ms="136092">
    <groups>
    </groups>
    <test started-at="2025-02-03T12:32:57 IST" name="Default test" finished-at="2025-02-03T12:35:14 IST" duration-ms="136092">
      <class name="com.testscript.TestCase10">
        <test-method is-config="true" signature="openApp()[pri:0, instance:com.testscript.TestCase10@f5ac9e4]" started-at="2025-02-03T12:32:58 IST" name="openApp" finished-at="2025-02-03T12:33:33 IST" duration-ms="35548" status="PASS">
          <reporter-output>
          </reporter-output>
        </test-method> <!-- openApp -->
        <test-method signature="TestCase()[pri:0, instance:com.testscript.TestCase10@f5ac9e4]" started-at="2025-02-03T12:33:33 IST" name="TestCase" finished-at="2025-02-03T12:35:12 IST" duration-ms="98568" status="PASS">
          <reporter-output>
            <line>
              <![CDATA[300 TC Cotton King Size Luxury 7 Pc Bedding Set (Heritage)]]>
            </line>
          </reporter-output>
        </test-method> <!-- TestCase -->
        <test-method is-config="true" signature="closeApp()[pri:0, instance:com.testscript.TestCase10@f5ac9e4]" started-at="2025-02-03T12:35:12 IST" name="closeApp" finished-at="2025-02-03T12:35:14 IST" duration-ms="1933" status="PASS">
          <reporter-output>
          </reporter-output>
        </test-method> <!-- closeApp -->
      </class> <!-- com.testscript.TestCase10 -->
    </test> <!-- Default test -->
  </suite> <!-- Default suite -->
</testng-results>
